<?xml version="1.0" encoding="UTF-8"?>
<!-- Generated by org.testng.reporters.JUnitReportReporter -->
<testsuite hostname="HSNMM-AbhishekB" name="src.LogisticData" tests="1" failures="0" timestamp="8 Feb 2017 06:37:46 GMT" time="106.084" errors="0">
  <testcase name="Logisticdata" time="106.084" classname="src.LogisticData"/>
</testsuite> <!-- src.LogisticData -->
