<?xml version="1.0" encoding="UTF-8"?>
<!-- Generated by org.testng.reporters.JUnitReportReporter -->
<testsuite hostname="HSNMM-AbhishekB" name="src.CourierTrackDataCreation" tests="3" failures="0" timestamp="29 Nov 2016 11:09:01 GMT" time="5584.226" errors="0">
  <testcase name="forwardCourier" time="5584.221" classname="src.CourierTrackDataCreation"/>
  <testcase name="NDR" time="0.004" classname="src.CourierTrackDataCreation"/>
  <testcase name="Reverse" time="0.001" classname="src.CourierTrackDataCreation"/>
</testsuite> <!-- src.CourierTrackDataCreation -->
